<?xml version="1.0" encoding="UTF-8"?>
<testng-results ignored="0" total="1" passed="1" failed="0" skipped="0">
  <reporter-output>
  </reporter-output>
  <suite started-at="2021-01-24T15:04:59Z" name="Default suite" finished-at="2021-01-24T15:05:01Z" duration-ms="1860">
    <groups>
    </groups>
    <test started-at="2021-01-24T15:04:59Z" name="Default test" finished-at="2021-01-24T15:05:01Z" duration-ms="1860">
      <class name="api.PostRequestPrep">
        <test-method signature="prepRequest()[pri:0, instance:api.PostRequestPrep@45a37759]" started-at="2021-01-24T15:04:59Z" name="prepRequest" finished-at="2021-01-24T15:05:01Z" duration-ms="1842" status="PASS">
          <reporter-output>
          </reporter-output>
        </test-method> <!-- prepRequest -->
      </class> <!-- api.PostRequestPrep -->
    </test> <!-- Default test -->
  </suite> <!-- Default suite -->
</testng-results>
